\BOOKMARK [0][-]{section*.1}{\376\377\000A\000B\000S\000T\000R\000A\000C\000T}{}% 1
\BOOKMARK [0][-]{section*.2}{\376\377\000A\000C\000K\000N\000O\000W\000L\000E\000D\000G\000M\000E\000N\000T}{}% 2
\BOOKMARK [0][-]{section*.4}{\376\377\000L\000I\000S\000T\000\040\000O\000F\000\040\000T\000A\000B\000L\000E\000S}{}% 3
\BOOKMARK [0][-]{section*.6}{\376\377\000L\000I\000S\000T\000\040\000O\000F\000\040\000F\000I\000G\000U\000R\000E\000S}{}% 4
\BOOKMARK [0][-]{chapter.1}{\376\377\000I\000N\000T\000R\000O\000D\000U\000C\000T\000I\000O\000N}{}% 5
\BOOKMARK [1][-]{section.1.1}{\376\377\000I\000n\000t\000r\000o\000d\000u\000c\000t\000i\000o\000n}{chapter.1}% 6
\BOOKMARK [1][-]{section.1.2}{\376\377\000T\000h\000e\000\040\000F\000i\000s\000h\000i\000n\000g\000\040\000C\000o\000m\000m\000u\000n\000i\000t\000y\000:\000\040\000A\000n\000\040\000O\000v\000e\000r\000v\000i\000e\000w}{chapter.1}% 7
\BOOKMARK [1][-]{section.1.3}{\376\377\000S\000o\000c\000i\000o\000-\000E\000c\000o\000n\000o\000m\000i\000c\000\040\000V\000u\000l\000n\000e\000r\000a\000b\000i\000l\000i\000t\000i\000e\000s}{chapter.1}% 8
\BOOKMARK [1][-]{section.1.4}{\376\377\000R\000o\000l\000e\000\040\000o\000f\000\040\000G\000o\000v\000e\000r\000n\000m\000e\000n\000t\000\040\000W\000e\000l\000f\000a\000r\000e\000\040\000S\000c\000h\000e\000m\000e\000s}{chapter.1}% 9
\BOOKMARK [1][-]{section.1.5}{\376\377\000S\000i\000g\000n\000i\000f\000i\000c\000a\000n\000c\000e\000\040\000o\000f\000\040\000t\000h\000e\000\040\000S\000t\000u\000d\000y}{chapter.1}% 10
\BOOKMARK [1][-]{section.1.6}{\376\377\000L\000i\000m\000i\000t\000a\000t\000i\000o\000n\000s\000\040\000o\000f\000\040\000t\000h\000e\000\040\000S\000t\000u\000d\000y}{chapter.1}% 11
\BOOKMARK [1][-]{section.1.7}{\376\377\000O\000b\000j\000e\000c\000t\000i\000v\000e\000s\000\040\000o\000f\000\040\000t\000h\000e\000\040\000S\000t\000u\000d\000y}{chapter.1}% 12
\BOOKMARK [0][-]{chapter.2}{\376\377\000R\000E\000V\000I\000E\000W\000\040\000O\000F\000\040\000L\000I\000T\000E\000R\000A\000T\000U\000R\000E\000\040}{}% 13
\BOOKMARK [1][-]{section.2.1}{\376\377\000S\000o\000c\000i\000o\000-\000E\000c\000o\000n\000o\000m\000i\000c\000\040\000P\000r\000o\000f\000i\000l\000e\000\040\000o\000f\000\040\000F\000i\000s\000h\000e\000r\000m\000e\000n\000\040\000i\000n\000\040\000I\000n\000d\000i\000a}{chapter.2}% 14
\BOOKMARK [1][-]{section.2.2}{\376\377\000E\000d\000u\000c\000a\000t\000i\000o\000n\000\040\000a\000n\000d\000\040\000I\000n\000c\000o\000m\000e\000\040\000i\000n\000\040\000F\000i\000s\000h\000i\000n\000g\000\040\000C\000o\000m\000m\000u\000n\000i\000t\000i\000e\000s}{chapter.2}% 15
\BOOKMARK [1][-]{section.2.3}{\376\377\000E\000x\000p\000e\000n\000d\000i\000t\000u\000r\000e\000\040\000P\000a\000t\000t\000e\000r\000n\000s\000\040\000a\000n\000d\000\040\000I\000n\000d\000e\000b\000t\000e\000d\000n\000e\000s\000s}{chapter.2}% 16
\BOOKMARK [1][-]{section.2.4}{\376\377\000S\000a\000f\000e\000t\000y\000,\000\040\000G\000o\000v\000e\000r\000n\000a\000n\000c\000e\000,\000\040\000a\000n\000d\000\040\000G\000o\000v\000e\000r\000n\000m\000e\000n\000t\000\040\000S\000c\000h\000e\000m\000e\000s}{chapter.2}% 17
\BOOKMARK [1][-]{section.2.5}{\376\377\000F\000i\000s\000h\000i\000n\000g\000\040\000S\000a\000f\000e\000t\000y\000\040\000a\000n\000d\000\040\000T\000e\000c\000h\000n\000o\000l\000o\000g\000y\000\040\000A\000d\000o\000p\000t\000i\000o\000n}{chapter.2}% 18
\BOOKMARK [0][-]{chapter.3}{\376\377\000D\000A\000T\000A\000\040\000D\000E\000S\000C\000R\000I\000P\000T\000I\000O\000N\000\040\000A\000N\000D\000\040\000M\000E\000T\000H\000O\000D\000O\000L\000O\000G\000Y}{}% 19
\BOOKMARK [1][-]{section.3.1}{\376\377\000S\000t\000u\000d\000y\000\040\000A\000r\000e\000a}{chapter.3}% 20
\BOOKMARK [1][-]{section.3.2}{\376\377\000S\000t\000u\000d\000y\000\040\000D\000e\000s\000i\000g\000n}{chapter.3}% 21
\BOOKMARK [1][-]{section.3.3}{\376\377\000S\000a\000m\000p\000l\000i\000n\000g\000\040\000T\000e\000c\000h\000n\000i\000q\000u\000e}{chapter.3}% 22
\BOOKMARK [1][-]{section.3.4}{\376\377\000D\000a\000t\000a\000\040\000C\000o\000l\000l\000e\000c\000t\000i\000o\000n}{chapter.3}% 23
\BOOKMARK [1][-]{section.3.5}{\376\377\000D\000a\000t\000a\000\040\000D\000e\000s\000c\000r\000i\000p\000t\000i\000o\000n\000\040}{chapter.3}% 24
\BOOKMARK [1][-]{section.3.6}{\376\377\000E\000t\000h\000i\000c\000a\000l\000\040\000C\000o\000n\000s\000i\000d\000e\000r\000a\000t\000i\000o\000n\000s}{chapter.3}% 25
\BOOKMARK [1][-]{section.3.7}{\376\377\000S\000t\000a\000t\000i\000s\000t\000i\000c\000a\000l\000\040\000M\000e\000t\000h\000o\000d\000s}{chapter.3}% 26
\BOOKMARK [2][-]{subsection.3.7.1}{\376\377\000D\000e\000s\000c\000r\000i\000p\000t\000i\000v\000e\000\040\000S\000t\000a\000t\000i\000s\000t\000i\000c\000s}{section.3.7}% 27
\BOOKMARK [2][-]{subsection.3.7.2}{\376\377\000O\000n\000e\000-\000W\000a\000y\000\040\000A\000n\000a\000l\000y\000s\000i\000s\000\040\000o\000f\000\040\000V\000a\000r\000i\000a\000n\000c\000e\000\040\000\050\000A\000N\000O\000V\000A\000\051}{section.3.7}% 28
\BOOKMARK [2][-]{subsection.3.7.3}{\376\377\000M\000u\000l\000t\000i\000p\000l\000e\000\040\000L\000i\000n\000e\000a\000r\000\040\000R\000e\000g\000r\000e\000s\000s\000i\000o\000n\000\040\000A\000n\000a\000l\000y\000s\000i\000s}{section.3.7}% 29
\BOOKMARK [2][-]{subsection.3.7.4}{\376\377\000C\000h\000i\000-\000S\000q\000u\000a\000r\000e\000\040\000T\000e\000s\000t}{section.3.7}% 30
\BOOKMARK [2][-]{subsection.3.7.5}{\376\377\000F\000r\000e\000q\000u\000e\000n\000c\000y}{section.3.7}% 31
\BOOKMARK [1][-]{section.3.8}{\376\377\000T\000o\000o\000l\000s\000\040\000f\000o\000r\000\040\000D\000a\000t\000a\000\040\000A\000n\000a\000l\000y\000s\000i\000s}{chapter.3}% 32
\BOOKMARK [0][-]{chapter.4}{\376\377\000D\000A\000T\000A\000\040\000A\000N\000A\000L\000Y\000S\000I\000S\000\040\000A\000N\000D\000\040\000I\000N\000T\000E\000R\000P\000R\000E\000T\000A\000T\000I\000O\000N}{}% 33
\BOOKMARK [1][-]{section.4.1}{\376\377\000D\000e\000m\000o\000g\000r\000a\000p\000h\000i\000c\000\040\000P\000r\000o\000f\000i\000l\000e\000\040\000o\000f\000\040\000t\000h\000e\000\040\000F\000i\000s\000h\000e\000r\000m\000e\000n}{chapter.4}% 34
\BOOKMARK [2][-]{subsection.4.1.1}{\376\377\000G\000e\000n\000d\000e\000r\000\040\000a\000n\000d\000\040\000M\000a\000r\000i\000t\000a\000l\000\040\000S\000t\000a\000t\000u\000s}{section.4.1}% 35
\BOOKMARK [2][-]{subsection.4.1.2}{\376\377\000E\000d\000u\000c\000a\000t\000i\000o\000n\000a\000l\000\040\000Q\000u\000a\000l\000i\000f\000i\000c\000a\000t\000i\000o\000n}{section.4.1}% 36
\BOOKMARK [2][-]{subsection.4.1.3}{\376\377\000A\000g\000e\000,\000\040\000F\000a\000m\000i\000l\000y\000\040\000S\000i\000z\000e\000,\000\040\000a\000n\000d\000\040\000E\000x\000p\000e\000r\000i\000e\000n\000c\000e}{section.4.1}% 37
\BOOKMARK [1][-]{section.4.2}{\376\377\000\040\000O\000n\000e\000-\000W\000a\000y\000\040\000A\000N\000O\000V\000A}{chapter.4}% 38
\BOOKMARK [2][-]{subsection.4.2.1}{\376\377\000A\000n\000n\000u\000a\000l\000\040\000I\000n\000c\000o\000m\000e\000\040\000b\000y\000\040\000E\000d\000u\000c\000a\000t\000i\000o\000n\000a\000l\000\040\000Q\000u\000a\000l\000i\000f\000i\000c\000a\000t\000i\000o\000n}{section.4.2}% 39
\BOOKMARK [2][-]{subsection.4.2.2}{\376\377\000\040\000A\000n\000n\000u\000a\000l\000\040\000I\000n\000c\000o\000m\000e\000\040\000b\000y\000\040\000F\000i\000s\000h\000i\000n\000g\000\040\000M\000o\000d\000e}{section.4.2}% 40
\BOOKMARK [2][-]{subsection.4.2.3}{\376\377\000\040\000A\000n\000n\000u\000a\000l\000\040\000I\000n\000c\000o\000m\000e\000\040\000b\000y\000\040\000R\000o\000l\000e\000\040\000i\000n\000\040\000F\000i\000s\000h\000i\000n\000g\000\040\000A\000c\000t\000i\000v\000i\000t\000y}{section.4.2}% 41
\BOOKMARK [1][-]{section.4.3}{\376\377\000M\000u\000l\000t\000i\000p\000l\000e\000\040\000R\000e\000g\000r\000e\000s\000s\000i\000o\000n\000\040\000A\000n\000a\000l\000y\000s\000i\000s\000\040\000o\000f\000\040\000A\000n\000n\000u\000a\000l\000\040\000I\000n\000c\000o\000m\000e}{chapter.4}% 42
\BOOKMARK [1][-]{section.4.4}{\376\377\000H\000o\000u\000s\000e\000h\000o\000l\000d\000\040\000E\000x\000p\000e\000n\000d\000i\000t\000u\000r\000e\000\040\000P\000a\000t\000t\000e\000r\000n}{chapter.4}% 43
\BOOKMARK [2][-]{subsection.4.4.1}{\376\377\000S\000a\000v\000i\000n\000g\000s\000\040\000a\000n\000d\000\040\000I\000n\000c\000o\000m\000e\000\040\000S\000t\000a\000b\000i\000l\000i\000t\000y}{section.4.4}% 44
\BOOKMARK [1][-]{section.4.5}{\376\377\000S\000a\000f\000e\000t\000y\000\040\000P\000r\000e\000c\000e\000p\000t\000i\000o\000n\000s\000\040\000b\000y\000\040\000F\000i\000s\000h\000i\000n\000g\000\040\000R\000o\000l\000e}{chapter.4}% 45
\BOOKMARK [2][-]{subsection.4.5.1}{\376\377\000N\000e\000w\000\040\000T\000e\000c\000h\000n\000i\000q\000u\000e\000s\000\040\000a\000n\000d\000\040\000C\000l\000i\000m\000a\000t\000e\000\040\000I\000n\000f\000o\000r\000m\000a\000t\000i\000o\000n\000\040\000R\000e\000a\000d\000i\000n\000e\000s\000s}{section.4.5}% 46
\BOOKMARK [1][-]{section.4.6}{\376\377\000G\000o\000v\000e\000r\000n\000m\000e\000n\000t\000\040\000W\000e\000l\000f\000a\000r\000e\000\040\000a\000n\000d\000\040\000D\000e\000e\000p\000-\000S\000e\000a\000\040\000S\000a\000f\000e\000t\000y\000\040\000P\000e\000r\000c\000e\000p\000t\000i\000o\000n\000s}{chapter.4}% 47
\BOOKMARK [2][-]{subsection.4.6.1}{\376\377\000A\000c\000c\000e\000s\000s\000\040\000t\000o\000\040\000G\000o\000v\000e\000r\000n\000m\000e\000n\000t\000\040\000W\000e\000l\000f\000a\000r\000e\000\040\000S\000c\000h\000e\000m\000e\000s}{section.4.6}% 48
\BOOKMARK [2][-]{subsection.4.6.2}{\376\377\000P\000e\000r\000c\000e\000p\000t\000i\000o\000n\000\040\000o\000f\000\040\000G\000o\000v\000e\000r\000n\000m\000e\000n\000t\000\040\000S\000t\000e\000p\000s\000\040\000f\000o\000r\000\040\000D\000e\000e\000p\000-\000S\000e\000a\000\040\000S\000a\000f\000e\000t\000y}{section.4.6}% 49
\BOOKMARK [2][-]{subsection.4.6.3}{\376\377\000S\000u\000g\000g\000e\000s\000t\000e\000d\000\040\000G\000o\000v\000e\000r\000n\000m\000e\000n\000t\000\040\000M\000e\000a\000s\000u\000r\000e\000s}{section.4.6}% 50
\BOOKMARK [1][-]{section.4.7}{\376\377\000S\000e\000l\000f\000-\000R\000e\000p\000o\000r\000t\000e\000d\000\040\000E\000c\000o\000n\000o\000m\000i\000c\000\040\000S\000t\000a\000t\000u\000s}{chapter.4}% 51
\BOOKMARK [0][-]{chapter.5}{\376\377\000S\000U\000M\000M\000A\000R\000Y\000\040\000A\000N\000D\000\040\000C\000O\000N\000C\000L\000U\000S\000I\000O\000N}{}% 52
\BOOKMARK [1][-]{section.5.1}{\376\377\000S\000u\000m\000m\000a\000r\000y\000\040\000o\000f\000\040\000R\000e\000s\000u\000l\000t\000s}{chapter.5}% 53
\BOOKMARK [1][-]{section.5.2}{\376\377\000C\000o\000n\000c\000l\000u\000s\000i\000o\000n}{chapter.5}% 54
\BOOKMARK [1][-]{section.5.3}{\376\377\000P\000o\000l\000i\000c\000y\000\040\000R\000e\000c\000o\000m\000m\000e\000n\000d\000a\000t\000i\000o\000n\000s}{chapter.5}% 55
\BOOKMARK [1][-]{section.5.3}{\376\377\000R\000E\000F\000E\000R\000E\000N\000C\000E\000S}{chapter.5}% 56
\BOOKMARK [0][-]{chapter*.9}{\376\377\000A\000P\000P\000E\000N\000D\000I\000X}{}% 57
